[debug] [2023-05-30T13:43:36.718Z] ----------------------------------------------------------------------
[debug] [2023-05-30T13:43:36.721Z] Command:       /usr/local/bin/firebase /home/miko/.cache/firebase/tools/lib/node_modules/firebase-tools/lib/bin/firebase emulators:start
[debug] [2023-05-30T13:43:36.722Z] CLI Version:   11.8.1
[debug] [2023-05-30T13:43:36.722Z] Platform:      linux
[debug] [2023-05-30T13:43:36.722Z] Node Version:  v16.16.0
[debug] [2023-05-30T13:43:36.740Z] Time:          Tue May 30 2023 21:43:36 GMT+0800 (Philippine Standard Time)
[debug] [2023-05-30T13:43:36.741Z] ----------------------------------------------------------------------
[debug] 
[debug] [2023-05-30T13:43:36.845Z] > command requires scopes: ["email","openid","https://www.googleapis.com/auth/cloudplatformprojects.readonly","https://www.googleapis.com/auth/firebase","https://www.googleapis.com/auth/cloud-platform"]
[debug] [2023-05-30T13:43:36.845Z] > authorizing via signed-in user (mikocabal27@gmail.com)
[debug] [2023-05-30T13:43:36.995Z] openjdk version "17.0.6" 2023-01-17
OpenJDK Runtime Environment (build 17.0.6+10)
OpenJDK 64-Bit Server VM (build 17.0.6+10, mixed mode)

[debug] [2023-05-30T13:43:37.005Z] Parsed Java major version: 17
[info] i  emulators: Starting emulators: auth, storage {"metadata":{"emulator":{"name":"hub"},"message":"Starting emulators: auth, storage"}}
[warn] ⚠  emulators: It seems that you are running multiple instances of the emulator suite for project cyclistance-cc715. This may result in unexpected behavior. 
[debug] [2023-05-30T13:43:37.021Z] [hub] writing locator at /tmp/hub-cyclistance-cc715.json
[debug] [2023-05-30T13:43:48.465Z] Ignoring unsupported arg: port {"metadata":{"emulator":{"name":"storage"},"message":"Ignoring unsupported arg: port"}}
[debug] [2023-05-30T13:43:50.610Z] Temp file directory for storage emulator: /tmp/firebase/storage/blobs {"metadata":{"emulator":{"name":"storage"},"message":"Temp file directory for storage emulator: /tmp/firebase/storage/blobs"}}
[debug] [2023-05-30T13:43:50.631Z] Ignoring unsupported arg: auto_download {"metadata":{"emulator":{"name":"ui"},"message":"Ignoring unsupported arg: auto_download"}}
[debug] [2023-05-30T13:43:50.631Z] Ignoring unsupported arg: port {"metadata":{"emulator":{"name":"ui"},"message":"Ignoring unsupported arg: port"}}
[debug] [2023-05-30T13:43:50.631Z] Starting Emulator UI with command {"binary":"node","args":["/home/miko/.cache/firebase/emulators/ui-v1.9.0/server/server.js"],"optionalArgs":[],"joinArgs":false} {"metadata":{"emulator":{"name":"ui"},"message":"Starting Emulator UI with command {\"binary\":\"node\",\"args\":[\"/home/miko/.cache/firebase/emulators/ui-v1.9.0/server/server.js\"],\"optionalArgs\":[],\"joinArgs\":false}"}}
[info] i  ui: Emulator UI logging to ui-debug.log {"metadata":{"emulator":{"name":"ui"},"message":"Emulator UI logging to \u001b[1mui-debug.log\u001b[22m"}}
[debug] [2023-05-30T13:43:50.942Z] Web / API server started at localhost:4000
 {"metadata":{"emulator":{"name":"ui"},"message":"Web / API server started at localhost:4000\n"}}
[info] 
┌─────────────────────────────────────────────────────────────┐
│ ✔  All emulators ready! It is now safe to connect your app. │
│ i  View Emulator UI at http://localhost:4000                │
└─────────────────────────────────────────────────────────────┘

┌────────────────┬──────────────┬───────────────────────────────┐
│ Emulator       │ Host:Port    │ View in Emulator UI           │
├────────────────┼──────────────┼───────────────────────────────┤
│ Authentication │ 0.0.0.0:9099 │ http://localhost:4000/auth    │
├────────────────┼──────────────┼───────────────────────────────┤
│ Storage        │ 0.0.0.0:9199 │ http://localhost:4000/storage │
└────────────────┴──────────────┴───────────────────────────────┘
  Emulator Hub running at localhost:4400
  Other reserved ports: 4500

Issues? Report them at https://github.com/firebase/firebase-tools/issues and attach the *-debug.log files.
 
